================================================================================
Run started at 2025-12-17T13:24:09
Label mapping (canonical -> class_token):
  '3ml secretion' -> 'secretion'
  '3ml secretion (with hemf)' -> 'secretion'
  '3ml secretion m4' -> 'secretion'
  '5ml secretion' -> 'secretion'
  '5ml secretion m4' -> 'secretion'
  'no secretion' -> 'no_secretion'
  'no secretion sound' -> 'no_secretion'
  'no secretion sound (with hemf)' -> 'no_secretion'
Total segments: 774, train=477, val=297, groups=13
num_classes = 2 label2id = {'no_secretion': 0, 'secretion': 1}
Class counts: [238.0, 239.0] | sampler weights: [0.004201680887490511, 0.0041841003112494946]
Epoch 01: lr=1.00e-04 | train_loss=0.6394 | full: loss=0.6340, acc=0.8182 | audio_only: loss=0.6384, acc=0.8418 | sensor_only: loss=0.6813, acc=0.6027
  Confusion matrix (rows=true, cols=pred):
tensor([[168,  11],
        [ 43,  75]])
  Per-class precision/recall:
    no_secretion: precision=0.796, recall=0.939
    secretion: precision=0.872, recall=0.636
  -> New best full_acc=0.8182! Saved to checkpoints/best_multimodal.pt
Epoch 02: lr=1.00e-04 | train_loss=0.5214 | full: loss=0.5894, acc=0.7037 | audio_only: loss=0.5955, acc=0.7340 | sensor_only: loss=0.6798, acc=0.5791
  Confusion matrix (rows=true, cols=pred):
tensor([[ 91,  88],
        [  0, 118]])
  Per-class precision/recall:
    no_secretion: precision=1.000, recall=0.508
    secretion: precision=0.573, recall=1.000
Unfroze audio backbone at epoch 3.
Epoch 03: lr=1.00e-04 | train_loss=0.1510 | full: loss=0.7252, acc=0.6902 | audio_only: loss=0.5930, acc=0.7138 | sensor_only: loss=0.6981, acc=0.5488
  Confusion matrix (rows=true, cols=pred):
tensor([[ 87,  92],
        [  0, 118]])
  Per-class precision/recall:
    no_secretion: precision=1.000, recall=0.486
    secretion: precision=0.562, recall=1.000
Epoch 04: lr=1.00e-04 | train_loss=0.0134 | full: loss=1.4866, acc=0.6263 | audio_only: loss=1.1831, acc=0.6330 | sensor_only: loss=0.7372, acc=0.5758
  Confusion matrix (rows=true, cols=pred):
tensor([[ 68, 111],
        [  0, 118]])
  Per-class precision/recall:
    no_secretion: precision=1.000, recall=0.380
    secretion: precision=0.515, recall=1.000
Epoch 05: lr=1.00e-04 | train_loss=0.0047 | full: loss=1.6174, acc=0.6330 | audio_only: loss=1.2863, acc=0.6465 | sensor_only: loss=0.7448, acc=0.5758
  Confusion matrix (rows=true, cols=pred):
tensor([[ 70, 109],
        [  0, 118]])
  Per-class precision/recall:
    no_secretion: precision=1.000, recall=0.391
    secretion: precision=0.520, recall=1.000
Epoch 06: lr=5.00e-05 | train_loss=0.0019 | full: loss=1.8384, acc=0.6263 | audio_only: loss=1.4582, acc=0.6296 | sensor_only: loss=0.7601, acc=0.5791
  Confusion matrix (rows=true, cols=pred):
tensor([[ 68, 111],
        [  0, 118]])
  Per-class precision/recall:
    no_secretion: precision=1.000, recall=0.380
    secretion: precision=0.515, recall=1.000
Epoch 07: lr=5.00e-05 | train_loss=0.0023 | full: loss=1.8446, acc=0.6263 | audio_only: loss=1.4494, acc=0.6296 | sensor_only: loss=0.7666, acc=0.5825
  Confusion matrix (rows=true, cols=pred):
tensor([[ 68, 111],
        [  0, 118]])
  Per-class precision/recall:
    no_secretion: precision=1.000, recall=0.380
    secretion: precision=0.515, recall=1.000
Epoch 08: lr=5.00e-05 | train_loss=0.0026 | full: loss=1.8369, acc=0.6263 | audio_only: loss=1.4644, acc=0.6296 | sensor_only: loss=0.7556, acc=0.5791
  Confusion matrix (rows=true, cols=pred):
tensor([[ 68, 111],
        [  0, 118]])
  Per-class precision/recall:
    no_secretion: precision=1.000, recall=0.380
    secretion: precision=0.515, recall=1.000
Epoch 09: lr=5.00e-05 | train_loss=0.0017 | full: loss=1.8312, acc=0.6263 | audio_only: loss=1.4477, acc=0.6330 | sensor_only: loss=0.7605, acc=0.5825
  Confusion matrix (rows=true, cols=pred):
tensor([[ 68, 111],
        [  0, 118]])
  Per-class precision/recall:
    no_secretion: precision=1.000, recall=0.380
    secretion: precision=0.515, recall=1.000
Epoch 10: lr=2.50e-05 | train_loss=0.0016 | full: loss=2.1987, acc=0.6162 | audio_only: loss=1.7742, acc=0.6195 | sensor_only: loss=0.7742, acc=0.5859
  Confusion matrix (rows=true, cols=pred):
tensor([[ 65, 114],
        [  0, 118]])
  Per-class precision/recall:
    no_secretion: precision=1.000, recall=0.363
    secretion: precision=0.509, recall=1.000
Epoch 11: lr=2.50e-05 | train_loss=0.0016 | full: loss=2.0896, acc=0.6195 | audio_only: loss=1.6998, acc=0.6263 | sensor_only: loss=0.7575, acc=0.5825
  Confusion matrix (rows=true, cols=pred):
tensor([[ 66, 113],
        [  0, 118]])
  Per-class precision/recall:
    no_secretion: precision=1.000, recall=0.369
    secretion: precision=0.511, recall=1.000
Epoch 12: lr=2.50e-05 | train_loss=0.0020 | full: loss=2.3000, acc=0.6162 | audio_only: loss=1.8840, acc=0.6195 | sensor_only: loss=0.7671, acc=0.5825
  Confusion matrix (rows=true, cols=pred):
tensor([[ 65, 114],
        [  0, 118]])
  Per-class precision/recall:
    no_secretion: precision=1.000, recall=0.363
    secretion: precision=0.509, recall=1.000
Epoch 13: lr=2.50e-05 | train_loss=0.0014 | full: loss=2.0898, acc=0.6229 | audio_only: loss=1.6908, acc=0.6296 | sensor_only: loss=0.7636, acc=0.5825
  Confusion matrix (rows=true, cols=pred):
tensor([[ 67, 112],
        [  0, 118]])
  Per-class precision/recall:
    no_secretion: precision=1.000, recall=0.374
    secretion: precision=0.513, recall=1.000
Epoch 14: lr=1.25e-05 | train_loss=0.0011 | full: loss=2.1550, acc=0.6195 | audio_only: loss=1.7446, acc=0.6195 | sensor_only: loss=0.7663, acc=0.5825
  Confusion matrix (rows=true, cols=pred):
tensor([[ 66, 113],
        [  0, 118]])
  Per-class precision/recall:
    no_secretion: precision=1.000, recall=0.369
    secretion: precision=0.511, recall=1.000
Epoch 15: lr=1.25e-05 | train_loss=0.0012 | full: loss=2.0621, acc=0.6263 | audio_only: loss=1.6535, acc=0.6296 | sensor_only: loss=0.7683, acc=0.5791
  Confusion matrix (rows=true, cols=pred):
tensor([[ 68, 111],
        [  0, 118]])
  Per-class precision/recall:
    no_secretion: precision=1.000, recall=0.380
    secretion: precision=0.515, recall=1.000
Early stopping triggered at epoch 15: no full-accuracy improvement for 5 epochs.
Run summary:
  Full acc mean=0.6465, best=0.8182
  Audio-only acc mean=0.6557, best=0.8418
  Sensor-only acc mean=0.5800, best=0.6027
Misclassified samples from best epoch:
  path=./data/MMDataset_segments/251215/2025-12-14_23-15-13-SFM3300AW_24400737.edf__record_20251214T153121Z.wav/record_20251214T153121Z.wav__2025-12-14_23-15-13-SFM3300AW_24400737.edf_win00034.npz | true=no_secretion | pred=secretion
  path=./data/MMDataset_segments/251215/2025-12-14_23-15-13-SFM3300AW_24400737.edf__record_20251214T153121Z.wav/record_20251214T153121Z.wav__2025-12-14_23-15-13-SFM3300AW_24400737.edf_win00040.npz | true=no_secretion | pred=secretion
  path=./data/MMDataset_segments/251215/2025-12-14_23-15-13-SFM3300AW_24400737.edf__record_20251214T153121Z.wav/record_20251214T153121Z.wav__2025-12-14_23-15-13-SFM3300AW_24400737.edf_win00044.npz | true=no_secretion | pred=secretion
  path=./data/MMDataset_segments/251215/2025-12-14_23-15-13-SFM3300AW_24400737.edf__record_20251214T153121Z.wav/record_20251214T153121Z.wav__2025-12-14_23-15-13-SFM3300AW_24400737.edf_win00046.npz | true=no_secretion | pred=secretion
  path=./data/MMDataset_segments/251215/2025-12-14_23-15-13-SFM3300AW_24400737.edf__record_20251214T153121Z.wav/record_20251214T153121Z.wav__2025-12-14_23-15-13-SFM3300AW_24400737.edf_win00048.npz | true=no_secretion | pred=secretion
  path=./data/MMDataset_segments/251215/2025-12-14_23-15-13-SFM3300AW_24400737.edf__record_20251214T153121Z.wav/record_20251214T153121Z.wav__2025-12-14_23-15-13-SFM3300AW_24400737.edf_win00058.npz | true=no_secretion | pred=secretion
  path=./data/MMDataset_segments/251130/2025-11-30_23-21-23-SFM3300AW_24400737.edf__record_20251130T153457Z.wav/record_20251130T153457Z.wav__2025-11-30_23-21-23-SFM3300AW_24400737.edf_win00000.npz | true=secretion | pred=no_secretion
  path=./data/MMDataset_segments/251130/2025-11-30_23-21-23-SFM3300AW_24400737.edf__record_20251130T153457Z.wav/record_20251130T153457Z.wav__2025-11-30_23-21-23-SFM3300AW_24400737.edf_win00001.npz | true=secretion | pred=no_secretion
  path=./data/MMDataset_segments/251130/2025-11-30_23-21-23-SFM3300AW_24400737.edf__record_20251130T153457Z.wav/record_20251130T153457Z.wav__2025-11-30_23-21-23-SFM3300AW_24400737.edf_win00002.npz | true=secretion | pred=no_secretion
  path=./data/MMDataset_segments/251130/2025-11-30_23-21-23-SFM3300AW_24400737.edf__record_20251130T153457Z.wav/record_20251130T153457Z.wav__2025-11-30_23-21-23-SFM3300AW_24400737.edf_win00003.npz | true=secretion | pred=no_secretion
  path=./data/MMDataset_segments/251130/2025-11-30_23-21-23-SFM3300AW_24400737.edf__record_20251130T153457Z.wav/record_20251130T153457Z.wav__2025-11-30_23-21-23-SFM3300AW_24400737.edf_win00004.npz | true=secretion | pred=no_secretion
  path=./data/MMDataset_segments/251130/2025-11-30_23-21-23-SFM3300AW_24400737.edf__record_20251130T153457Z.wav/record_20251130T153457Z.wav__2025-11-30_23-21-23-SFM3300AW_24400737.edf_win00012.npz | true=secretion | pred=no_secretion
  path=./data/MMDataset_segments/251130/2025-11-30_23-21-23-SFM3300AW_24400737.edf__record_20251130T153457Z.wav/record_20251130T153457Z.wav__2025-11-30_23-21-23-SFM3300AW_24400737.edf_win00020.npz | true=secretion | pred=no_secretion
  path=./data/MMDataset_segments/251130/2025-11-30_23-21-23-SFM3300AW_24400737.edf__record_20251130T153457Z.wav/record_20251130T153457Z.wav__2025-11-30_23-21-23-SFM3300AW_24400737.edf_win00021.npz | true=secretion | pred=no_secretion
  path=./data/MMDataset_segments/251130/2025-11-30_23-21-23-SFM3300AW_24400737.edf__record_20251130T153457Z.wav/record_20251130T153457Z.wav__2025-11-30_23-21-23-SFM3300AW_24400737.edf_win00022.npz | true=secretion | pred=no_secretion
  path=./data/MMDataset_segments/251130/2025-11-30_23-21-23-SFM3300AW_24400737.edf__record_20251130T153457Z.wav/record_20251130T153457Z.wav__2025-11-30_23-21-23-SFM3300AW_24400737.edf_win00024.npz | true=secretion | pred=no_secretion
  path=./data/MMDataset_segments/251130/2025-11-30_23-21-23-SFM3300AW_24400737.edf__record_20251130T153457Z.wav/record_20251130T153457Z.wav__2025-11-30_23-21-23-SFM3300AW_24400737.edf_win00026.npz | true=secretion | pred=no_secretion
  path=./data/MMDataset_segments/251130/2025-11-30_23-21-23-SFM3300AW_24400737.edf__record_20251130T153457Z.wav/record_20251130T153457Z.wav__2025-11-30_23-21-23-SFM3300AW_24400737.edf_win00028.npz | true=secretion | pred=no_secretion
  path=./data/MMDataset_segments/251130/2025-11-30_23-21-23-SFM3300AW_24400737.edf__record_20251130T153457Z.wav/record_20251130T153457Z.wav__2025-11-30_23-21-23-SFM3300AW_24400737.edf_win00031.npz | true=secretion | pred=no_secretion
  path=./data/MMDataset_segments/251130/2025-11-30_23-21-23-SFM3300AW_24400737.edf__record_20251130T153457Z.wav/record_20251130T153457Z.wav__2025-11-30_23-21-23-SFM3300AW_24400737.edf_win00037.npz | true=secretion | pred=no_secretion
  path=./data/MMDataset_segments/251130/2025-11-30_23-21-23-SFM3300AW_24400737.edf__record_20251130T153457Z.wav/record_20251130T153457Z.wav__2025-11-30_23-21-23-SFM3300AW_24400737.edf_win00042.npz | true=secretion | pred=no_secretion
  path=./data/MMDataset_segments/251130/2025-11-30_23-21-23-SFM3300AW_24400737.edf__record_20251130T153457Z.wav/record_20251130T153457Z.wav__2025-11-30_23-21-23-SFM3300AW_24400737.edf_win00050.npz | true=secretion | pred=no_secretion
  path=./data/MMDataset_segments/251130/2025-11-30_23-21-23-SFM3300AW_24400737.edf__record_20251130T153457Z.wav/record_20251130T153457Z.wav__2025-11-30_23-21-23-SFM3300AW_24400737.edf_win00052.npz | true=secretion | pred=no_secretion
  path=./data/MMDataset_segments/251215/2025-12-14_23-15-13-SFM3300AW_24400737.edf__record_20251214T151639Z.wav/record_20251214T151639Z.wav__2025-12-14_23-15-13-SFM3300AW_24400737.edf_win00007.npz | true=no_secretion | pred=secretion
  path=./data/MMDataset_segments/251215/2025-12-14_23-15-13-SFM3300AW_24400737.edf__record_20251214T151639Z.wav/record_20251214T151639Z.wav__2025-12-14_23-15-13-SFM3300AW_24400737.edf_win00036.npz | true=no_secretion | pred=secretion
  path=./data/MMDataset_segments/251215/2025-12-14_23-15-13-SFM3300AW_24400737.edf__record_20251214T151639Z.wav/record_20251214T151639Z.wav__2025-12-14_23-15-13-SFM3300AW_24400737.edf_win00044.npz | true=no_secretion | pred=secretion
  path=./data/MMDataset_segments/251215/2025-12-14_23-15-13-SFM3300AW_24400737.edf__record_20251214T151639Z.wav/record_20251214T151639Z.wav__2025-12-14_23-15-13-SFM3300AW_24400737.edf_win00054.npz | true=no_secretion | pred=secretion
  path=./data/MMDataset_segments/251215/2025-12-14_23-15-13-SFM3300AW_24400737.edf__record_20251214T151639Z.wav/record_20251214T151639Z.wav__2025-12-14_23-15-13-SFM3300AW_24400737.edf_win00055.npz | true=no_secretion | pred=secretion
  path=./data/MMDataset_segments/251130/2025-11-30_23-21-23-SFM3300AW_24400737.edf__record_20251130T154508Z.wav/record_20251130T154508Z.wav__2025-11-30_23-21-23-SFM3300AW_24400737.edf_win00000.npz | true=secretion | pred=no_secretion
  path=./data/MMDataset_segments/251130/2025-11-30_23-21-23-SFM3300AW_24400737.edf__record_20251130T154508Z.wav/record_20251130T154508Z.wav__2025-11-30_23-21-23-SFM3300AW_24400737.edf_win00001.npz | true=secretion | pred=no_secretion
  path=./data/MMDataset_segments/251130/2025-11-30_23-21-23-SFM3300AW_24400737.edf__record_20251130T154508Z.wav/record_20251130T154508Z.wav__2025-11-30_23-21-23-SFM3300AW_24400737.edf_win00004.npz | true=secretion | pred=no_secretion
  path=./data/MMDataset_segments/251130/2025-11-30_23-21-23-SFM3300AW_24400737.edf__record_20251130T154508Z.wav/record_20251130T154508Z.wav__2025-11-30_23-21-23-SFM3300AW_24400737.edf_win00006.npz | true=secretion | pred=no_secretion
  path=./data/MMDataset_segments/251130/2025-11-30_23-21-23-SFM3300AW_24400737.edf__record_20251130T154508Z.wav/record_20251130T154508Z.wav__2025-11-30_23-21-23-SFM3300AW_24400737.edf_win00010.npz | true=secretion | pred=no_secretion
  path=./data/MMDataset_segments/251130/2025-11-30_23-21-23-SFM3300AW_24400737.edf__record_20251130T154508Z.wav/record_20251130T154508Z.wav__2025-11-30_23-21-23-SFM3300AW_24400737.edf_win00014.npz | true=secretion | pred=no_secretion
  path=./data/MMDataset_segments/251130/2025-11-30_23-21-23-SFM3300AW_24400737.edf__record_20251130T154508Z.wav/record_20251130T154508Z.wav__2025-11-30_23-21-23-SFM3300AW_24400737.edf_win00015.npz | true=secretion | pred=no_secretion
  path=./data/MMDataset_segments/251130/2025-11-30_23-21-23-SFM3300AW_24400737.edf__record_20251130T154508Z.wav/record_20251130T154508Z.wav__2025-11-30_23-21-23-SFM3300AW_24400737.edf_win00016.npz | true=secretion | pred=no_secretion
  path=./data/MMDataset_segments/251130/2025-11-30_23-21-23-SFM3300AW_24400737.edf__record_20251130T154508Z.wav/record_20251130T154508Z.wav__2025-11-30_23-21-23-SFM3300AW_24400737.edf_win00018.npz | true=secretion | pred=no_secretion
  path=./data/MMDataset_segments/251130/2025-11-30_23-21-23-SFM3300AW_24400737.edf__record_20251130T154508Z.wav/record_20251130T154508Z.wav__2025-11-30_23-21-23-SFM3300AW_24400737.edf_win00022.npz | true=secretion | pred=no_secretion
  path=./data/MMDataset_segments/251130/2025-11-30_23-21-23-SFM3300AW_24400737.edf__record_20251130T154508Z.wav/record_20251130T154508Z.wav__2025-11-30_23-21-23-SFM3300AW_24400737.edf_win00024.npz | true=secretion | pred=no_secretion
  path=./data/MMDataset_segments/251130/2025-11-30_23-21-23-SFM3300AW_24400737.edf__record_20251130T154508Z.wav/record_20251130T154508Z.wav__2025-11-30_23-21-23-SFM3300AW_24400737.edf_win00026.npz | true=secretion | pred=no_secretion
  path=./data/MMDataset_segments/251130/2025-11-30_23-21-23-SFM3300AW_24400737.edf__record_20251130T154508Z.wav/record_20251130T154508Z.wav__2025-11-30_23-21-23-SFM3300AW_24400737.edf_win00034.npz | true=secretion | pred=no_secretion
  path=./data/MMDataset_segments/251130/2025-11-30_23-21-23-SFM3300AW_24400737.edf__record_20251130T154508Z.wav/record_20251130T154508Z.wav__2025-11-30_23-21-23-SFM3300AW_24400737.edf_win00035.npz | true=secretion | pred=no_secretion
  path=./data/MMDataset_segments/251130/2025-11-30_23-21-23-SFM3300AW_24400737.edf__record_20251130T154508Z.wav/record_20251130T154508Z.wav__2025-11-30_23-21-23-SFM3300AW_24400737.edf_win00036.npz | true=secretion | pred=no_secretion
  path=./data/MMDataset_segments/251130/2025-11-30_23-21-23-SFM3300AW_24400737.edf__record_20251130T154508Z.wav/record_20251130T154508Z.wav__2025-11-30_23-21-23-SFM3300AW_24400737.edf_win00038.npz | true=secretion | pred=no_secretion
  path=./data/MMDataset_segments/251130/2025-11-30_23-21-23-SFM3300AW_24400737.edf__record_20251130T154508Z.wav/record_20251130T154508Z.wav__2025-11-30_23-21-23-SFM3300AW_24400737.edf_win00040.npz | true=secretion | pred=no_secretion
  path=./data/MMDataset_segments/251130/2025-11-30_23-21-23-SFM3300AW_24400737.edf__record_20251130T154508Z.wav/record_20251130T154508Z.wav__2025-11-30_23-21-23-SFM3300AW_24400737.edf_win00042.npz | true=secretion | pred=no_secretion
  path=./data/MMDataset_segments/251130/2025-11-30_23-21-23-SFM3300AW_24400737.edf__record_20251130T154508Z.wav/record_20251130T154508Z.wav__2025-11-30_23-21-23-SFM3300AW_24400737.edf_win00044.npz | true=secretion | pred=no_secretion
  path=./data/MMDataset_segments/251130/2025-11-30_23-21-23-SFM3300AW_24400737.edf__record_20251130T154508Z.wav/record_20251130T154508Z.wav__2025-11-30_23-21-23-SFM3300AW_24400737.edf_win00046.npz | true=secretion | pred=no_secretion
  path=./data/MMDataset_segments/251130/2025-11-30_23-21-23-SFM3300AW_24400737.edf__record_20251130T154508Z.wav/record_20251130T154508Z.wav__2025-11-30_23-21-23-SFM3300AW_24400737.edf_win00048.npz | true=secretion | pred=no_secretion
  path=./data/MMDataset_segments/251130/2025-11-30_23-21-23-SFM3300AW_24400737.edf__record_20251130T154508Z.wav/record_20251130T154508Z.wav__2025-11-30_23-21-23-SFM3300AW_24400737.edf_win00050.npz | true=secretion | pred=no_secretion
  path=./data/MMDataset_segments/251130/2025-11-30_23-21-23-SFM3300AW_24400737.edf__record_20251130T154508Z.wav/record_20251130T154508Z.wav__2025-11-30_23-21-23-SFM3300AW_24400737.edf_win00052.npz | true=secretion | pred=no_secretion
  path=./data/MMDataset_segments/251130/2025-11-30_23-21-23-SFM3300AW_24400737.edf__record_20251130T154508Z.wav/record_20251130T154508Z.wav__2025-11-30_23-21-23-SFM3300AW_24400737.edf_win00053.npz | true=secretion | pred=no_secretion
  path=./data/MMDataset_segments/251130/2025-11-30_23-21-23-SFM3300AW_24400737.edf__record_20251130T154508Z.wav/record_20251130T154508Z.wav__2025-11-30_23-21-23-SFM3300AW_24400737.edf_win00054.npz | true=secretion | pred=no_secretion
  path=./data/MMDataset_segments/251130/2025-11-30_23-21-23-SFM3300AW_24400737.edf__record_20251130T154508Z.wav/record_20251130T154508Z.wav__2025-11-30_23-21-23-SFM3300AW_24400737.edf_win00056.npz | true=secretion | pred=no_secretion
